2025/03/16 05:06:35 main.go:26: Starting new master...
2025/03/16 05:06:35 master.go:28: localhost:3333
2025/03/16 05:06:35 master.go:126: Listening on localhost:3333
2025/03/16 05:06:35 master.go:127: ===================================================
2025/03/16 05:06:36 master.go:155: Received message: <localhost:3334|598677|localhost:3333|0:open>
2025/03/16 05:06:36 master.go:162: Decoded message: source=localhost:3334, suid=598677, payload=cmd:open
2025/03/16 05:06:36 master.go:88: received DM: source=localhost:3334, suid=598677, payload=cmd:open
2025/03/16 05:06:36 master.go:46: ERROR - Didnt find existing worker in pool
2025/03/16 05:06:36 fsm_conn_mux.go:10: DEBUG - curState:disconnected <- open
2025/03/16 05:06:36 fsm_master_new_worker.go:18: Current: disconnected
2025/03/16 05:06:36 fsm_master_new_worker.go:19: Received nxtState: connecting
2025/03/16 05:06:36 mWorker.go:45: Sent message to  localhost:3334
2025/03/16 05:06:36 mWorker.go:46: Message:  localhost:3333|598549|localhost:3334|0:accept
2025/03/16 05:06:36 master.go:73: Worker Added in pool:  true
2025/03/16 05:06:36 mWorker.go:45: Sent message to  localhost:3334
2025/03/16 05:06:36 mWorker.go:46: Message:  localhost:3333|598549|localhost:3334|0:accept
2025/03/16 05:06:36 fsm_master_new_worker.go:34: New connection added
2025/03/16 05:06:36 fsm_master_new_worker.go:49: Finished processing state
2025/03/16 05:06:36 fsm_master_new_worker.go:50: Current: connecting
2025/03/16 05:06:36 fsm_conn_mux.go:10: DEBUG - curState:connecting <- accept
2025/03/16 05:06:36 fsm_master_new_worker.go:18: Current: connecting
2025/03/16 05:06:36 fsm_master_new_worker.go:19: Received nxtState: listening
2025/03/16 05:06:36 fsm_master_new_worker.go:39: worker waiting for requests...
2025/03/16 05:06:36 fsm_master_new_worker.go:49: Finished processing state
2025/03/16 05:06:36 fsm_master_new_worker.go:50: Current: listening
