2025/03/16 05:06:36 main.go:33: Starting new worker... 
2025/03/16 05:06:36 main.go:38: new worker: &{{{tcp localhost:3333} {tcp localhost:3334} localhost;3334;598677; 0xc000112150 0xc0001121c0 0xc000122138 0xc000124630} {0xc000120090 0xc000124630 worker localhost 3334 w1 localhost:3333} {0 0xc000112310 0xc000112380}}
2025/03/16 05:06:36 worker_fsm_processor.go:10: Current: stopped
2025/03/16 05:06:36 worker_fsm_processor.go:11: Received nxtState: startup
2025/03/16 05:06:36 worker_fsm_processor.go:19: sending open message
2025/03/16 05:06:36 fsm_conn_mux.go:10: DEBUG - curState:disconnected <- open
2025/03/16 05:06:36 fsm_worker_conn.go:12: current state 	  :  disconnected
2025/03/16 05:06:36 fsm_worker_conn.go:13: received new state :  connecting
2025/03/16 05:06:36 CommsBox.go:69: ===================================================
2025/03/16 05:06:36 CommsBox.go:73: Decoded received message: <accept>
2025/03/16 05:06:36 CommsBox.go:79: ===================================================
2025/03/16 05:06:36 fsm_conn_mux.go:10: DEBUG - curState:connecting <- accept
2025/03/16 05:06:36 fsm_worker_conn.go:12: current state 	  :  connecting
2025/03/16 05:06:36 fsm_worker_conn.go:13: received new state :  listening
2025/03/16 05:06:36 CommsBox.go:69: ===================================================
2025/03/16 05:06:36 CommsBox.go:73: Decoded received message: <accept>
2025/03/16 05:06:36 CommsBox.go:79: ===================================================
2025/03/16 05:06:36 fsm_conn_mux.go:10: DEBUG - curState:listening <- accept
2025/03/16 05:06:36 fsm_conn_mux.go:46: ERROR - Bad event: accept
2025/03/16 05:06:36 fsm_worker_conn.go:12: current state 	  :  listening
2025/03/16 05:06:36 fsm_worker_conn.go:13: received new state :  invalid_state
2025/03/16 05:06:36 fsm_worker_conn.go:29: Invalid state
