2025/03/16 04:50:33 main.go:33: Starting new worker... 
2025/03/16 04:50:33 main.go:38: new worker: &{{{tcp localhost:3333} {tcp localhost:3335} localhost;3335;589292; 0xc000092150 0xc0000921c0 0xc000012150 0xc00009c630} {0xc000060098 0xc00009c630 worker localhost 3335 w2 localhost:3333} {0 0xc000092310 0xc000092380}}
2025/03/16 04:50:33 worker_fsm_processor.go:10: Current: stopped
2025/03/16 04:50:33 worker_fsm_processor.go:11: Received nxtState: startup
2025/03/16 04:50:33 worker_fsm_processor.go:19: sending open message
2025/03/16 04:50:33 fsm_conn_mux.go:10: DEBUG - curState:disconnected <- open
2025/03/16 04:50:33 fsm_worker_conn.go:12: current state 	  :  disconnected
2025/03/16 04:50:33 fsm_worker_conn.go:13: received new state :  connecting
2025/03/16 04:50:33 CommsBox.go:69: ===================================================
2025/03/16 04:50:33 CommsBox.go:73: Decoded received message: <accept>
2025/03/16 04:50:33 CommsBox.go:79: ===================================================
2025/03/16 04:50:33 fsm_conn_mux.go:10: DEBUG - curState:connecting <- accept
2025/03/16 04:50:33 fsm_worker_conn.go:12: current state 	  :  connecting
2025/03/16 04:50:33 fsm_worker_conn.go:13: received new state :  listening
2025/03/16 04:50:33 CommsBox.go:69: ===================================================
2025/03/16 04:50:33 CommsBox.go:73: Decoded received message: <RD>
2025/03/16 04:50:33 CommsBox.go:79: ===================================================
2025/03/16 04:50:33 fsm_conn_mux.go:10: DEBUG - curState:listening <- error - bad VarFSM
2025/03/16 04:50:33 fsm_conn_mux.go:46: ERROR - Bad event: error - bad VarFSM
2025/03/16 04:50:33 fsm_worker_conn.go:12: current state 	  :  listening
2025/03/16 04:50:33 fsm_worker_conn.go:13: received new state :  invalid_state
2025/03/16 04:50:33 fsm_worker_conn.go:29: Invalid state
